<?xml version="1.0" encoding="UTF-8"?>
<testng-results skipped="0" failed="0" ignored="0" total="1" passed="1">
  <reporter-output>
  </reporter-output>
  <suite name="Suite" duration-ms="77" started-at="2019-05-30T13:42:03Z" finished-at="2019-05-30T13:42:03Z">
    <groups>
    </groups>
    <test name="Test" duration-ms="77" started-at="2019-05-30T13:42:03Z" finished-at="2019-05-30T13:42:03Z">
      <class name="sampleTest.SampleTest">
        <test-method status="PASS" signature="test()[pri:0, instance:sampleTest.SampleTest@c4c815]" name="test" duration-ms="29" started-at="2019-05-30T13:42:03Z" finished-at="2019-05-30T13:42:03Z">
          <reporter-output>
          </reporter-output>
        </test-method> <!-- test -->
      </class> <!-- sampleTest.SampleTest -->
    </test> <!-- Test -->
  </suite> <!-- Suite -->
</testng-results>
