<?xml version="1.0" encoding="UTF-8"?>
<!-- Generated by org.testng.reporters.JUnitXMLReporter -->
<testsuite hostname="home-PC" ignored="0" name="Test" tests="1" failures="0" timestamp="20 May 2017 11:56:40 GMT" time="6.628" errors="0">
  <testcase name="@AfterMethod logout" time="0.001" classname="Test1.test1_1">
    <failure type="java.lang.NullPointerException">
      <![CDATA[java.lang.NullPointerException
	at Test1.test1_1.logout(test1_1.java:33)
... Removed 27 stack frames]]>
    </failure>
  </testcase> <!-- @AfterMethod logout -->
  <testcase name="ClickUser" time="0.008" classname="Test1.test1_1"/>
</testsuite> <!-- Test -->
