<?xml version="1.0" encoding="UTF-8"?>
<testng-results skipped="0" failed="0" ignored="0" total="1" passed="1">
  <reporter-output>
  </reporter-output>
  <suite name="Default suite" duration-ms="1326" started-at="2018-01-09T14:09:53Z" finished-at="2018-01-09T14:09:55Z">
    <groups>
    </groups>
    <test name="Default test" duration-ms="1326" started-at="2018-01-09T14:09:53Z" finished-at="2018-01-09T14:09:55Z">
      <class name="Scenarios.MenuSelect">
        <test-method status="PASS" signature="selectMenu()[pri:0, instance:Scenarios.MenuSelect@653222]" name="selectMenu" duration-ms="1275" started-at="2018-01-09T19:39:54Z" finished-at="2018-01-09T19:39:55Z">
          <reporter-output>
          </reporter-output>
        </test-method> <!-- selectMenu -->
      </class> <!-- Scenarios.MenuSelect -->
    </test> <!-- Default test -->
  </suite> <!-- Default suite -->
</testng-results>
